<?xml version="1.0" encoding="UTF-8"?>
<testng-results ignored="0" total="1" passed="1" failed="0" skipped="0">
  <reporter-output>
  </reporter-output>
  <suite started-at="2024-04-12T18:29:16Z" name="Default suite" finished-at="2024-04-12T18:29:26Z" duration-ms="9607">
    <groups>
    </groups>
    <test started-at="2024-04-12T18:29:16Z" name="Default test" finished-at="2024-04-12T18:29:26Z" duration-ms="9607">
      <class name="com.testcase.Login">
        <test-method is-config="true" signature="setup()[pri:0, instance:com.testcase.Login@27216cd]" started-at="2024-04-12T18:29:16Z" name="setup" finished-at="2024-04-12T18:29:23Z" duration-ms="6138" status="PASS">
          <reporter-output>
          </reporter-output>
        </test-method> <!-- setup -->
        <test-method signature="loginapp()[pri:0, instance:com.testcase.Login@27216cd]" started-at="2024-04-12T18:29:23Z" name="loginapp" finished-at="2024-04-12T18:29:26Z" duration-ms="3054" status="PASS">
          <reporter-output>
          </reporter-output>
        </test-method> <!-- loginapp -->
        <test-method is-config="true" signature="teardown()[pri:0, instance:com.testcase.Login@27216cd]" started-at="2024-04-12T18:29:26Z" name="teardown" finished-at="2024-04-12T18:29:26Z" duration-ms="333" status="PASS">
          <reporter-output>
          </reporter-output>
        </test-method> <!-- teardown -->
      </class> <!-- com.testcase.Login -->
    </test> <!-- Default test -->
  </suite> <!-- Default suite -->
</testng-results>
